8=FIX.4.4|49=CLIENT_URSULA|56=SERVER_1|11=870680|55=STOCK_31|52=20240621-02:00:54.823|35=V|10=100|
8=FIX.4.4|49=CLIENT_URSULA|56=SERVER_1|11=893696|55=STOCK_44|52=20240621-02:00:54.823|35=V|10=116|
8=FIX.4.4|49=CLIENT_URSULA|56=SERVER_1|11=895315|55=STOCK_59|52=20240621-02:00:54.823|35=D|54=2|32=7239|31=55.68|10=84|
8=FIX.4.4|49=CLIENT_URSULA|56=SERVER_1|11=839529|55=STOCK_70|52=20240621-02:00:54.823|35=D|54=1|32=5810|31=53.83|10=69|
8=FIX.4.4|49=CLIENT_URSULA|56=SERVER_1|11=712742|55=STOCK_17|52=20240621-02:00:54.823|35=D|54=2|32=9160|31=75.53|10=61|
8=FIX.4.4|49=CLIENT_URSULA|56=SERVER_1|11=671741|55=STOCK_38|52=20240621-02:00:54.823|35=V|10=104|
8=FIX.4.4|49=CLIENT_URSULA|56=SERVER_1|11=643851|55=STOCK_45|52=20240621-02:00:54.823|35=D|54=2|32=1081|31=73.16|10=57|
8=FIX.4.4|49=CLIENT_URSULA|56=SERVER_1|11=63761|55=STOCK_72|52=20240621-02:00:54.823|35=D|54=1|32=9614|31=81.04|10=10|
8=FIX.4.4|49=CLIENT_URSULA|56=SERVER_1|11=660205|55=STOCK_50|52=20240621-02:00:54.823|35=D|54=2|32=4102|31=58.79|35=5|69=5|10=241|
8=FIX.4.4|49=CLIENT_URSULA|56=SERVER_1|11=640370|55=STOCK_41|52=20240621-02:00:54.824|35=V|10=93|
8=FIX.4.4|49=CLIENT_URSULA|56=SERVER_1|11=12593|55=STOCK_48|52=20240621-02:00:54.824|35=D|54=1|32=2641|31=68.5|10=218|
8=FIX.4.4|49=CLIENT_URSULA|56=SERVER_1|11=708670|55=STOCK_12|52=20240621-02:00:54.824|35=V|10=99|
8=FIX.4.4|49=CLIENT_URSULA|56=SERVER_1|11=876211|55=STOCK_34|52=20240621-02:00:54.824|35=D|54=1|32=425|31=54.67|**FIX REJECTION: Order quantity exceeds limit|10=62|
8=FIX.4.4|49=CLIENT_URSULA|56=SERVER_1|11=281430|55=STOCK_60|52=20240621-02:00:54.824|35=D|54=1|32=8674|31=66.4|10=11|
8=FIX.4.4|49=CLIENT_URSULA|56=SERVER_1|11=961820|55=STOCK_99|52=20240621-02:00:54.824|35=V|10=112|
8=FIX.4.4|49=CLIENT_URSULA|56=SERVER_1|11=173030|55=STOCK_48|52=20240621-02:01:00.833|35=D|54=2|32=1552|31=16.27|10=42|
8=FIX.4.4|49=CLIENT_URSULA|56=SERVER_1|11=176325|55=STOCK_33|52=20240621-02:01:00.834|35=V|10=91|
8=FIX.4.4|49=CLIENT_URSULA|56=SERVER_1|11=152947|55=STOCK_39|52=20240621-02:01:00.834|35=V|10=101|
8=FIX.4.4|49=CLIENT_URSULA|56=SERVER_1|11=304433|55=STOCK_10|52=20240621-02:01:00.834|35=D|54=1|32=8924|31=81.53|10=45|
8=FIX.4.4|49=CLIENT_URSULA|56=SERVER_1|11=480447|55=STOCK_18|52=20240621-02:01:00.834|35=D|54=1|32=4140|31=13.31|10=40|
8=FIX.4.4|49=CLIENT_URSULA|56=SERVER_1|11=909129|55=STOCK_7|52=20240621-02:01:00.834|35=D|54=1|32=6459|31=73.33|**FIX REJECTION: Order quantity exceeds limit|10=67|
8=FIX.4.4|49=CLIENT_URSULA|56=SERVER_1|11=960496|55=STOCK_95|52=20240621-02:01:00.834|35=D|54=2|32=6582|31=12.73|**FIX REJECTION: Order quantity exceeds limit|35=5|69=5|10=52|
8=FIX.4.4|49=CLIENT_URSULA|56=SERVER_1|11=222390|55=STOCK_63|52=20240621-02:01:00.834|35=D|54=2|32=4846|31=38.26|10=56|
8=FIX.4.4|49=CLIENT_URSULA|56=SERVER_1|11=26999|55=STOCK_67|52=20240621-02:01:00.834|35=V|10=61|
8=FIX.4.4|49=CLIENT_URSULA|56=SERVER_1|11=174153|55=STOCK_88|52=20240621-02:01:00.834|35=D|54=1|32=7424|31=69.33|10=62|
8=FIX.4.4|49=CLIENT_URSULA|56=SERVER_1|11=511112|55=STOCK_78|52=20240621-02:01:00.835|35=D|54=2|32=738|31=87.74|10=11|
8=FIX.4.4|49=CLIENT_URSULA|56=SERVER_1|11=945823|55=STOCK_14|52=20240621-02:01:00.835|35=V|10=98|
8=FIX.4.4|49=CLIENT_URSULA|56=SERVER_1|11=824506|55=STOCK_26|52=20240621-02:01:00.835|35=D|54=2|32=7428|31=36.04|**FIX REJECTION: Order quantity exceeds limit|10=107|
8=FIX.4.4|49=CLIENT_URSULA|56=SERVER_1|11=945635|55=STOCK_53|52=20240621-02:01:00.835|35=D|54=1|32=384|31=77.7|10=224|
8=FIX.4.4|49=CLIENT_URSULA|56=SERVER_1|11=79910|55=STOCK_78|52=20240621-02:01:00.835|35=V|10=55|
8=FIX.4.4|49=CLIENT_URSULA|56=SERVER_1|11=511932|55=STOCK_68|52=20240621-02:01:03.838|35=D|54=1|32=3372|31=98.45|10=70|
8=FIX.4.4|49=CLIENT_URSULA|56=SERVER_1|11=83411|55=STOCK_71|52=20240621-02:01:03.838|35=V|10=45|
8=FIX.4.4|49=CLIENT_URSULA|56=SERVER_1|11=255519|55=STOCK_8|52=20240621-02:01:03.838|35=D|54=1|32=7347|31=84.85|10=27|
8=FIX.4.4|49=CLIENT_URSULA|56=SERVER_1|11=670218|55=STOCK_67|52=20240621-02:01:03.838|35=D|54=1|32=5900|31=99.58|10=76|
8=FIX.4.4|49=CLIENT_URSULA|56=SERVER_1|11=256030|55=STOCK_75|52=20240621-02:01:03.838|35=D|54=1|32=3876|31=87.04|**FIX REJECTION: Order quantity exceeds limit|10=116|
8=FIX.4.4|49=CLIENT_URSULA|56=SERVER_1|11=392716|55=STOCK_31|52=20240621-02:01:03.838|35=D|54=2|32=8653|31=31.62|10=61|
8=FIX.4.4|49=CLIENT_URSULA|56=SERVER_1|11=613324|55=STOCK_19|52=20240621-02:01:03.838|35=D|54=2|32=8897|31=98.4|**FIX REJECTION: Order quantity exceeds limit|10=80|
8=FIX.4.4|49=CLIENT_URSULA|56=SERVER_1|11=551268|55=STOCK_87|52=20240621-02:01:03.838|35=D|54=2|32=9386|31=50.85|**FIX REJECTION: Order quantity exceeds limit|10=132|
8=FIX.4.4|49=CLIENT_URSULA|56=SERVER_1|11=844529|55=STOCK_43|52=20240621-02:01:03.839|35=V|10=108|
8=FIX.4.4|49=CLIENT_URSULA|56=SERVER_1|11=400670|55=STOCK_14|52=20240621-02:01:03.839|35=V|10=91|
8=FIX.4.4|49=CLIENT_URSULA|56=SERVER_1|11=822044|55=STOCK_29|52=20240621-02:01:03.839|35=V|10=100|
8=FIX.4.4|49=CLIENT_URSULA|56=SERVER_1|11=526496|55=STOCK_81|52=20240621-02:01:03.839|35=V|10=110|
8=FIX.4.4|49=CLIENT_URSULA|56=SERVER_1|11=699090|55=STOCK_42|52=20240621-02:01:03.839|35=V|10=108|
8=FIX.4.4|49=CLIENT_URSULA|56=SERVER_1|11=783436|55=STOCK_50|52=20240621-02:01:03.839|35=D|54=2|32=8612|31=63.31|10=62|
8=FIX.4.4|49=CLIENT_URSULA|56=SERVER_1|11=326820|55=STOCK_62|52=20240621-02:01:03.839|35=D|54=2|32=8506|31=86.7|10=17|
8=FIX.4.4|49=CLIENT_URSULA|56=SERVER_1|11=669169|55=STOCK_58|52=20240621-02:01:11.847|35=D|54=1|32=5743|31=73.84|10=84|
8=FIX.4.4|49=CLIENT_URSULA|56=SERVER_1|11=737295|55=STOCK_39|52=20240621-02:01:11.847|35=V|10=112|
8=FIX.4.4|49=CLIENT_URSULA|56=SERVER_1|11=609029|55=STOCK_48|52=20240621-02:01:11.847|35=V|10=105|
8=FIX.4.4|49=CLIENT_URSULA|56=SERVER_1|11=338101|55=STOCK_84|52=20240621-02:01:11.847|35=D|54=2|32=2841|31=30.65|10=51|
8=FIX.4.4|49=CLIENT_URSULA|56=SERVER_1|11=61215|55=STOCK_74|52=20240621-02:01:11.847|35=D|54=2|32=1604|31=76.18|10=5|
8=FIX.4.4|49=CLIENT_URSULA|56=SERVER_1|11=828517|55=STOCK_33|52=20240621-02:01:11.847|35=D|54=1|32=8897|31=33.2|10=22|
8=FIX.4.4|49=CLIENT_URSULA|56=SERVER_1|11=293919|55=STOCK_26|52=20240621-02:01:11.848|35=D|54=1|32=5113|31=45.88|10=70|
8=FIX.4.4|49=CLIENT_URSULA|56=SERVER_1|11=641390|55=STOCK_65|52=20240621-02:01:11.848|35=V|10=102|
8=FIX.4.4|49=CLIENT_URSULA|56=SERVER_1|11=142283|55=STOCK_2|52=20240621-02:01:11.848|35=D|54=1|32=4327|31=32.81|10=254|
8=FIX.4.4|49=CLIENT_URSULA|56=SERVER_1|11=246326|55=STOCK_10|52=20240621-02:01:11.848|35=D|54=2|32=479|31=71.28|35=5|69=5|10=196|
8=FIX.4.4|49=CLIENT_URSULA|56=SERVER_1|11=246263|55=STOCK_9|52=20240621-02:01:11.848|35=D|54=1|32=9414|31=92.97|10=23|
8=FIX.4.4|49=CLIENT_URSULA|56=SERVER_1|11=802203|55=STOCK_77|52=20240621-02:01:11.848|35=D|54=2|32=973|31=94.03|10=11|
8=FIX.4.4|49=CLIENT_URSULA|56=SERVER_1|11=956671|55=STOCK_85|52=20240621-02:01:11.848|35=D|54=2|32=3006|31=40.75|10=67|
8=FIX.4.4|49=CLIENT_URSULA|56=SERVER_1|11=593096|55=STOCK_87|52=20240621-02:01:11.848|35=V|10=115|
8=FIX.4.4|49=CLIENT_URSULA|56=SERVER_1|11=410708|55=STOCK_2|52=20240621-02:01:11.848|35=D|54=1|32=5907|31=32.8|10=210|
8=FIX.4.4|49=CLIENT_URSULA|56=SERVER_1|11=94957|55=STOCK_75|52=20240621-02:01:18.859|35=D|54=1|32=2970|31=31.07|35=5|69=5|10=217|
8=FIX.4.4|49=CLIENT_URSULA|56=SERVER_1|11=903556|55=STOCK_61|52=20240621-02:01:18.859|35=D|54=2|32=6980|31=13.63|10=75|
8=FIX.4.4|49=CLIENT_URSULA|56=SERVER_1|11=611163|55=STOCK_41|52=20240621-02:01:18.860|35=V|10=92|
8=FIX.4.4|49=CLIENT_URSULA|56=SERVER_1|11=308818|55=STOCK_51|52=20240621-02:01:18.860|35=V|10=103|
8=FIX.4.4|49=CLIENT_URSULA|56=SERVER_1|11=216266|55=STOCK_34|52=20240621-02:01:18.860|35=V|10=99|
8=FIX.4.4|49=CLIENT_URSULA|56=SERVER_1|11=923993|55=STOCK_19|52=20240621-02:01:18.860|35=V|10=114|
8=FIX.4.4|49=CLIENT_URSULA|56=SERVER_1|11=816739|55=STOCK_75|52=20240621-02:01:18.860|35=V|10=115|
8=FIX.4.4|49=CLIENT_URSULA|56=SERVER_1|11=565882|55=STOCK_79|52=20240621-02:01:18.860|35=V|10=119|
8=FIX.4.4|49=CLIENT_URSULA|56=SERVER_1|11=272969|55=STOCK_16|52=20240621-02:01:18.860|35=D|54=2|32=1026|31=11.03|10=52|
8=FIX.4.4|49=CLIENT_URSULA|56=SERVER_1|11=98973|55=STOCK_42|52=20240621-02:01:18.860|35=D|54=1|32=3496|31=26.23|10=24|
8=FIX.4.4|49=CLIENT_URSULA|56=SERVER_1|11=947835|55=STOCK_13|52=20240621-02:01:18.860|35=D|54=1|32=5652|31=13.86|**FIX REJECTION: Order quantity exceeds limit|10=122|
8=FIX.4.4|49=CLIENT_URSULA|56=SERVER_1|11=239914|55=STOCK_62|52=20240621-02:01:18.860|35=D|54=1|32=1929|31=11.01|10=55|
8=FIX.4.4|49=CLIENT_URSULA|56=SERVER_1|11=593611|55=STOCK_34|52=20240621-02:01:18.861|35=D|54=2|32=7253|31=12.81|10=58|
8=FIX.4.4|49=CLIENT_URSULA|56=SERVER_1|11=470835|55=STOCK_50|52=20240621-02:01:18.861|35=V|10=102|
8=FIX.4.4|49=CLIENT_URSULA|56=SERVER_1|11=129302|55=STOCK_30|52=20240621-02:01:18.861|35=D|54=2|32=6936|31=29.09|10=61|
8=FIX.4.4|49=CLIENT_URSULA|56=SERVER_1|11=787120|55=STOCK_51|52=20240621-02:01:27.874|35=D|54=1|32=2370|31=87.09|10=67|
8=FIX.4.4|49=CLIENT_URSULA|56=SERVER_1|11=582031|55=STOCK_90|52=20240621-02:01:27.874|35=V|10=102|
8=FIX.4.4|49=CLIENT_URSULA|56=SERVER_1|11=192954|55=STOCK_4|52=20240621-02:01:27.874|35=V|10=60|
8=FIX.4.4|49=CLIENT_URSULA|56=SERVER_1|11=44471|55=STOCK_7|52=20240621-02:01:27.874|35=D|54=2|32=3978|31=65.6|**FIX REJECTION: Order quantity exceeds limit|10=235|
8=FIX.4.4|49=CLIENT_URSULA|56=SERVER_1|11=705370|55=STOCK_60|52=20240621-02:01:27.874|35=D|54=1|32=2260|31=79.47|10=65|
8=FIX.4.4|49=CLIENT_URSULA|56=SERVER_1|11=164808|55=STOCK_32|52=20240621-02:01:27.874|35=D|54=2|32=6355|31=43.95|10=73|
8=FIX.4.4|49=CLIENT_URSULA|56=SERVER_1|11=536860|55=STOCK_97|52=20240621-02:01:27.875|35=V|10=119|
8=FIX.4.4|49=CLIENT_URSULA|56=SERVER_1|11=122777|55=STOCK_59|52=20240621-02:01:27.875|35=D|54=1|32=1017|31=75.23|10=67|
8=FIX.4.4|49=CLIENT_URSULA|56=SERVER_1|11=919631|55=STOCK_31|52=20240621-02:01:27.875|35=D|54=1|32=6893|31=80.39|**FIX REJECTION: Order quantity exceeds limit|10=131|
8=FIX.4.4|49=CLIENT_URSULA|56=SERVER_1|11=713907|55=STOCK_91|52=20240621-02:01:27.875|35=V|10=112|
8=FIX.4.4|49=CLIENT_URSULA|56=SERVER_1|11=745315|55=STOCK_10|52=20240621-02:01:27.875|35=D|54=2|32=1427|31=44.76|**FIX REJECTION: Order quantity exceeds limit|10=114|
8=FIX.4.4|49=CLIENT_URSULA|56=SERVER_1|11=776363|55=STOCK_96|52=20240621-02:01:27.875|35=D|54=1|32=8282|31=15.07|10=81|
8=FIX.4.4|49=CLIENT_URSULA|56=SERVER_1|11=819577|55=STOCK_51|52=20240621-02:01:27.875|35=D|54=1|32=8471|31=12.89|10=84|
8=FIX.4.4|49=CLIENT_URSULA|56=SERVER_1|11=513074|55=STOCK_51|52=20240621-02:01:27.875|35=D|54=2|32=3398|31=15.25|10=64|
8=FIX.4.4|49=CLIENT_URSULA|56=SERVER_1|11=964815|55=STOCK_1|52=20240621-02:01:27.875|35=D|54=1|32=8937|31=47.46|10=35|
